<?xml version="1.0" encoding="UTF-8"?>
<testsuite xmlns:xsi="http://www.w3.org/2001/XMLSchema-instance" xsi:noNamespaceSchemaLocation="https://maven.apache.org/surefire/maven-surefire-plugin/xsd/surefire-test-report.xsd" name="com.example.kafka.KafkaServiceApplicationTests" time="1.83" tests="1" errors="0" skipped="0" failures="0">
  <properties>
    <property name="sun.desktop" value="windows"/>
    <property name="awt.toolkit" value="sun.awt.windows.WToolkit"/>
    <property name="file.encoding.pkg" value="sun.io"/>
    <property name="java.specification.version" value="1.8"/>
    <property name="sun.cpu.isalist" value="amd64"/>
    <property name="sun.jnu.encoding" value="GBK"/>
    <property name="java.class.path" value="E:\gitHub\自定义代码\kafka-service\target\test-classes;E:\gitHub\自定义代码\kafka-service\target\classes;E:\Java_software\mavenLocalwar\org\springframework\boot\spring-boot-starter\2.0.1.RELEASE\spring-boot-starter-2.0.1.RELEASE.jar;E:\Java_software\mavenLocalwar\org\springframework\boot\spring-boot\2.0.1.RELEASE\spring-boot-2.0.1.RELEASE.jar;E:\Java_software\mavenLocalwar\org\springframework\spring-context\5.0.5.RELEASE\spring-context-5.0.5.RELEASE.jar;E:\Java_software\mavenLocalwar\org\springframework\spring-aop\5.0.5.RELEASE\spring-aop-5.0.5.RELEASE.jar;E:\Java_software\mavenLocalwar\org\springframework\spring-beans\5.0.5.RELEASE\spring-beans-5.0.5.RELEASE.jar;E:\Java_software\mavenLocalwar\org\springframework\spring-expression\5.0.5.RELEASE\spring-expression-5.0.5.RELEASE.jar;E:\Java_software\mavenLocalwar\org\springframework\boot\spring-boot-autoconfigure\2.0.1.RELEASE\spring-boot-autoconfigure-2.0.1.RELEASE.jar;E:\Java_software\mavenLocalwar\org\springframework\boot\spring-boot-starter-logging\2.0.1.RELEASE\spring-boot-starter-logging-2.0.1.RELEASE.jar;E:\Java_software\mavenLocalwar\ch\qos\logback\logback-classic\1.2.3\logback-classic-1.2.3.jar;E:\Java_software\mavenLocalwar\ch\qos\logback\logback-core\1.2.3\logback-core-1.2.3.jar;E:\Java_software\mavenLocalwar\org\apache\logging\log4j\log4j-to-slf4j\2.10.0\log4j-to-slf4j-2.10.0.jar;E:\Java_software\mavenLocalwar\org\apache\logging\log4j\log4j-api\2.10.0\log4j-api-2.10.0.jar;E:\Java_software\mavenLocalwar\org\slf4j\jul-to-slf4j\1.7.25\jul-to-slf4j-1.7.25.jar;E:\Java_software\mavenLocalwar\javax\annotation\javax.annotation-api\1.3.2\javax.annotation-api-1.3.2.jar;E:\Java_software\mavenLocalwar\org\springframework\spring-core\5.0.5.RELEASE\spring-core-5.0.5.RELEASE.jar;E:\Java_software\mavenLocalwar\org\springframework\spring-jcl\5.0.5.RELEASE\spring-jcl-5.0.5.RELEASE.jar;E:\Java_software\mavenLocalwar\org\yaml\snakeyaml\1.19\snakeyaml-1.19.jar;E:\Java_software\mavenLocalwar\org\springframework\boot\spring-boot-starter-test\2.0.1.RELEASE\spring-boot-starter-test-2.0.1.RELEASE.jar;E:\Java_software\mavenLocalwar\org\springframework\boot\spring-boot-test\2.0.1.RELEASE\spring-boot-test-2.0.1.RELEASE.jar;E:\Java_software\mavenLocalwar\org\springframework\boot\spring-boot-test-autoconfigure\2.0.1.RELEASE\spring-boot-test-autoconfigure-2.0.1.RELEASE.jar;E:\Java_software\mavenLocalwar\com\jayway\jsonpath\json-path\2.4.0\json-path-2.4.0.jar;E:\Java_software\mavenLocalwar\net\minidev\json-smart\2.3\json-smart-2.3.jar;E:\Java_software\mavenLocalwar\net\minidev\accessors-smart\1.2\accessors-smart-1.2.jar;E:\Java_software\mavenLocalwar\org\ow2\asm\asm\5.0.4\asm-5.0.4.jar;E:\Java_software\mavenLocalwar\org\slf4j\slf4j-api\1.7.25\slf4j-api-1.7.25.jar;E:\Java_software\mavenLocalwar\junit\junit\4.12\junit-4.12.jar;E:\Java_software\mavenLocalwar\org\assertj\assertj-core\3.9.1\assertj-core-3.9.1.jar;E:\Java_software\mavenLocalwar\org\mockito\mockito-core\2.15.0\mockito-core-2.15.0.jar;E:\Java_software\mavenLocalwar\net\bytebuddy\byte-buddy\1.7.11\byte-buddy-1.7.11.jar;E:\Java_software\mavenLocalwar\net\bytebuddy\byte-buddy-agent\1.7.11\byte-buddy-agent-1.7.11.jar;E:\Java_software\mavenLocalwar\org\objenesis\objenesis\2.6\objenesis-2.6.jar;E:\Java_software\mavenLocalwar\org\hamcrest\hamcrest-core\1.3\hamcrest-core-1.3.jar;E:\Java_software\mavenLocalwar\org\hamcrest\hamcrest-library\1.3\hamcrest-library-1.3.jar;E:\Java_software\mavenLocalwar\org\skyscreamer\jsonassert\1.5.0\jsonassert-1.5.0.jar;E:\Java_software\mavenLocalwar\com\vaadin\external\google\android-json\0.0.20131108.vaadin1\android-json-0.0.20131108.vaadin1.jar;E:\Java_software\mavenLocalwar\org\springframework\spring-test\5.0.5.RELEASE\spring-test-5.0.5.RELEASE.jar;E:\Java_software\mavenLocalwar\org\xmlunit\xmlunit-core\2.5.1\xmlunit-core-2.5.1.jar;"/>
    <property name="java.vm.vendor" value="Oracle Corporation"/>
    <property name="sun.arch.data.model" value="64"/>
    <property name="user.variant" value=""/>
    <property name="java.vendor.url" value="http://java.oracle.com/"/>
    <property name="user.timezone" value=""/>
    <property name="java.vm.specification.version" value="1.8"/>
    <property name="os.name" value="Windows 10"/>
    <property name="user.country" value="CN"/>
    <property name="sun.java.launcher" value="SUN_STANDARD"/>
    <property name="sun.boot.library.path" value="C:\Program Files\Java\jdk1.8.0_131\jre\bin"/>
    <property name="sun.java.command" value="C:\Users\32867\AppData\Local\Temp\surefire2093018030205931484\surefirebooter5925189161655035249.jar C:\Users\32867\AppData\Local\Temp\surefire2093018030205931484 2018-04-16T23-36-21_889-jvmRun1 surefire4389368062392962066tmp surefire_03771463501994869557tmp"/>
    <property name="surefire.test.class.path" value="E:\gitHub\自定义代码\kafka-service\target\test-classes;E:\gitHub\自定义代码\kafka-service\target\classes;E:\Java_software\mavenLocalwar\org\springframework\boot\spring-boot-starter\2.0.1.RELEASE\spring-boot-starter-2.0.1.RELEASE.jar;E:\Java_software\mavenLocalwar\org\springframework\boot\spring-boot\2.0.1.RELEASE\spring-boot-2.0.1.RELEASE.jar;E:\Java_software\mavenLocalwar\org\springframework\spring-context\5.0.5.RELEASE\spring-context-5.0.5.RELEASE.jar;E:\Java_software\mavenLocalwar\org\springframework\spring-aop\5.0.5.RELEASE\spring-aop-5.0.5.RELEASE.jar;E:\Java_software\mavenLocalwar\org\springframework\spring-beans\5.0.5.RELEASE\spring-beans-5.0.5.RELEASE.jar;E:\Java_software\mavenLocalwar\org\springframework\spring-expression\5.0.5.RELEASE\spring-expression-5.0.5.RELEASE.jar;E:\Java_software\mavenLocalwar\org\springframework\boot\spring-boot-autoconfigure\2.0.1.RELEASE\spring-boot-autoconfigure-2.0.1.RELEASE.jar;E:\Java_software\mavenLocalwar\org\springframework\boot\spring-boot-starter-logging\2.0.1.RELEASE\spring-boot-starter-logging-2.0.1.RELEASE.jar;E:\Java_software\mavenLocalwar\ch\qos\logback\logback-classic\1.2.3\logback-classic-1.2.3.jar;E:\Java_software\mavenLocalwar\ch\qos\logback\logback-core\1.2.3\logback-core-1.2.3.jar;E:\Java_software\mavenLocalwar\org\apache\logging\log4j\log4j-to-slf4j\2.10.0\log4j-to-slf4j-2.10.0.jar;E:\Java_software\mavenLocalwar\org\apache\logging\log4j\log4j-api\2.10.0\log4j-api-2.10.0.jar;E:\Java_software\mavenLocalwar\org\slf4j\jul-to-slf4j\1.7.25\jul-to-slf4j-1.7.25.jar;E:\Java_software\mavenLocalwar\javax\annotation\javax.annotation-api\1.3.2\javax.annotation-api-1.3.2.jar;E:\Java_software\mavenLocalwar\org\springframework\spring-core\5.0.5.RELEASE\spring-core-5.0.5.RELEASE.jar;E:\Java_software\mavenLocalwar\org\springframework\spring-jcl\5.0.5.RELEASE\spring-jcl-5.0.5.RELEASE.jar;E:\Java_software\mavenLocalwar\org\yaml\snakeyaml\1.19\snakeyaml-1.19.jar;E:\Java_software\mavenLocalwar\org\springframework\boot\spring-boot-starter-test\2.0.1.RELEASE\spring-boot-starter-test-2.0.1.RELEASE.jar;E:\Java_software\mavenLocalwar\org\springframework\boot\spring-boot-test\2.0.1.RELEASE\spring-boot-test-2.0.1.RELEASE.jar;E:\Java_software\mavenLocalwar\org\springframework\boot\spring-boot-test-autoconfigure\2.0.1.RELEASE\spring-boot-test-autoconfigure-2.0.1.RELEASE.jar;E:\Java_software\mavenLocalwar\com\jayway\jsonpath\json-path\2.4.0\json-path-2.4.0.jar;E:\Java_software\mavenLocalwar\net\minidev\json-smart\2.3\json-smart-2.3.jar;E:\Java_software\mavenLocalwar\net\minidev\accessors-smart\1.2\accessors-smart-1.2.jar;E:\Java_software\mavenLocalwar\org\ow2\asm\asm\5.0.4\asm-5.0.4.jar;E:\Java_software\mavenLocalwar\org\slf4j\slf4j-api\1.7.25\slf4j-api-1.7.25.jar;E:\Java_software\mavenLocalwar\junit\junit\4.12\junit-4.12.jar;E:\Java_software\mavenLocalwar\org\assertj\assertj-core\3.9.1\assertj-core-3.9.1.jar;E:\Java_software\mavenLocalwar\org\mockito\mockito-core\2.15.0\mockito-core-2.15.0.jar;E:\Java_software\mavenLocalwar\net\bytebuddy\byte-buddy\1.7.11\byte-buddy-1.7.11.jar;E:\Java_software\mavenLocalwar\net\bytebuddy\byte-buddy-agent\1.7.11\byte-buddy-agent-1.7.11.jar;E:\Java_software\mavenLocalwar\org\objenesis\objenesis\2.6\objenesis-2.6.jar;E:\Java_software\mavenLocalwar\org\hamcrest\hamcrest-core\1.3\hamcrest-core-1.3.jar;E:\Java_software\mavenLocalwar\org\hamcrest\hamcrest-library\1.3\hamcrest-library-1.3.jar;E:\Java_software\mavenLocalwar\org\skyscreamer\jsonassert\1.5.0\jsonassert-1.5.0.jar;E:\Java_software\mavenLocalwar\com\vaadin\external\google\android-json\0.0.20131108.vaadin1\android-json-0.0.20131108.vaadin1.jar;E:\Java_software\mavenLocalwar\org\springframework\spring-test\5.0.5.RELEASE\spring-test-5.0.5.RELEASE.jar;E:\Java_software\mavenLocalwar\org\xmlunit\xmlunit-core\2.5.1\xmlunit-core-2.5.1.jar;"/>
    <property name="sun.cpu.endian" value="little"/>
    <property name="user.home" value="C:\Users\32867"/>
    <property name="user.language" value="zh"/>
    <property name="java.specification.vendor" value="Oracle Corporation"/>
    <property name="java.home" value="C:\Program Files\Java\jdk1.8.0_131\jre"/>
    <property name="basedir" value="E:\gitHub\自定义代码\kafka-service"/>
    <property name="file.separator" value="\"/>
    <property name="line.separator" value="&#10;"/>
    <property name="java.vm.specification.vendor" value="Oracle Corporation"/>
    <property name="java.specification.name" value="Java Platform API Specification"/>
    <property name="java.awt.graphicsenv" value="sun.awt.Win32GraphicsEnvironment"/>
    <property name="surefire.real.class.path" value="C:\Users\32867\AppData\Local\Temp\surefire2093018030205931484\surefirebooter5925189161655035249.jar"/>
    <property name="sun.boot.class.path" value="C:\Program Files\Java\jdk1.8.0_131\jre\lib\resources.jar;C:\Program Files\Java\jdk1.8.0_131\jre\lib\rt.jar;C:\Program Files\Java\jdk1.8.0_131\jre\lib\sunrsasign.jar;C:\Program Files\Java\jdk1.8.0_131\jre\lib\jsse.jar;C:\Program Files\Java\jdk1.8.0_131\jre\lib\jce.jar;C:\Program Files\Java\jdk1.8.0_131\jre\lib\charsets.jar;C:\Program Files\Java\jdk1.8.0_131\jre\lib\jfr.jar;C:\Program Files\Java\jdk1.8.0_131\jre\classes"/>
    <property name="user.script" value=""/>
    <property name="sun.management.compiler" value="HotSpot 64-Bit Tiered Compilers"/>
    <property name="java.runtime.version" value="1.8.0_131-b11"/>
    <property name="user.name" value="King"/>
    <property name="path.separator" value=";"/>
    <property name="os.version" value="10.0"/>
    <property name="java.endorsed.dirs" value="C:\Program Files\Java\jdk1.8.0_131\jre\lib\endorsed"/>
    <property name="java.runtime.name" value="Java(TM) SE Runtime Environment"/>
    <property name="file.encoding" value="GBK"/>
    <property name="java.vm.name" value="Java HotSpot(TM) 64-Bit Server VM"/>
    <property name="localRepository" value="E:\Java_software\mavenLocalwar"/>
    <property name="java.vendor.url.bug" value="http://bugreport.sun.com/bugreport/"/>
    <property name="java.io.tmpdir" value="C:\Users\32867\AppData\Local\Temp\"/>
    <property name="idea.version" value="2017.1.4"/>
    <property name="java.version" value="1.8.0_131"/>
    <property name="user.dir" value="E:\gitHub\自定义代码\kafka-service"/>
    <property name="os.arch" value="amd64"/>
    <property name="java.vm.specification.name" value="Java Virtual Machine Specification"/>
    <property name="java.awt.printerjob" value="sun.awt.windows.WPrinterJob"/>
    <property name="sun.os.patch.level" value=""/>
    <property name="java.library.path" value="C:\Program Files\Java\jdk1.8.0_131\jre\bin;C:\WINDOWS\Sun\Java\bin;C:\WINDOWS\system32;C:\WINDOWS;C:\ProgramData\Oracle\Java\javapath;C:\Program Files (x86)\Intel\iCLS Client\;C:\Program Files\Intel\iCLS Client\;C:\Windows\system32;C:\Windows;C:\Windows\System32\Wbem;C:\Windows\System32\WindowsPowerShell\v1.0\;C:\Program Files (x86)\NVIDIA Corporation\PhysX\Common;C:\Program Files (x86)\Intel\Intel(R) Management Engine Components\DAL;C:\Program Files\Intel\Intel(R) Management Engine Components\DAL;C:\Program Files (x86)\Intel\Intel(R) Management Engine Components\IPT;C:\Program Files\Intel\Intel(R) Management Engine Components\IPT;C:\Program Files\Java\jdk1.8.0_131\bin\;C:\Program Files\Java\jdk1.8.0_131\jre\bin\;E:\Java_soft\ToetoiseSVN\bin;E:\Java_soft\mysql-5.7.18-winx64\bin\;E:\Java_soft\apache-maven-3.3.9\bin\;C:\Program Files\Intel\WiFi\bin\;C:\Program Files\Common Files\Intel\WirelessCommon\;C:\WINDOWS\system32;C:\WINDOWS;C:\WINDOWS\System32\Wbem;C:\WINDOWS\System32\WindowsPowerShell\v1.0\;E:\Java_soft\Git\cmd;C:\Users\32867\AppData\Local\Microsoft\WindowsApps;;."/>
    <property name="java.vm.info" value="mixed mode"/>
    <property name="java.vendor" value="Oracle Corporation"/>
    <property name="java.vm.version" value="25.131-b11"/>
    <property name="java.ext.dirs" value="C:\Program Files\Java\jdk1.8.0_131\jre\lib\ext;C:\WINDOWS\Sun\Java\lib\ext"/>
    <property name="sun.io.unicode.encoding" value="UnicodeLittle"/>
    <property name="java.class.version" value="52.0"/>
  </properties>
  <testcase name="contextLoads" classname="com.example.kafka.KafkaServiceApplicationTests" time="0.052"/>
</testsuite>